{"level":"info","message":"Connecting to MongoDB Atlas","timestamp":"2025-11-29T02:08:12.514Z"}
{"level":"info","message":"Connecting to MongoDB Atlas with URI:","timestamp":"2025-11-29T02:08:12.518Z"}
{"level":"info","message":"Connected to MongoDB Atlas","timestamp":"2025-11-29T02:08:13.053Z"}
{"level":"info","message":"Server is running on port 3001","timestamp":"2025-11-29T02:08:13.057Z"}
{"level":"info","message":"Inngest endpoint available at http://localhost:3001/api/inngest","timestamp":"2025-11-29T02:08:13.057Z"}
{"level":"info","message":"Connecting to MongoDB Atlas","timestamp":"2025-11-29T02:08:24.198Z"}
{"level":"info","message":"Connecting to MongoDB Atlas with URI:","timestamp":"2025-11-29T02:08:24.201Z"}
{"level":"info","message":"Connected to MongoDB Atlas","timestamp":"2025-11-29T02:08:24.703Z"}
{"level":"info","message":"Server is running on port 3001","timestamp":"2025-11-29T02:08:24.709Z"}
{"level":"info","message":"Inngest endpoint available at http://localhost:3001/api/inngest","timestamp":"2025-11-29T02:08:24.709Z"}
{"level":"info","message":"Connecting to MongoDB Atlas","timestamp":"2025-11-29T02:08:39.229Z"}
{"level":"info","message":"Connecting to MongoDB Atlas with URI:","timestamp":"2025-11-29T02:08:39.231Z"}
{"level":"info","message":"Connected to MongoDB Atlas","timestamp":"2025-11-29T02:08:39.749Z"}
{"level":"info","message":"Server is running on port 3001","timestamp":"2025-11-29T02:08:39.755Z"}
{"level":"info","message":"Inngest endpoint available at http://localhost:3001/api/inngest","timestamp":"2025-11-29T02:08:39.755Z"}
{"level":"info","message":"Connecting to MongoDB Atlas","timestamp":"2025-11-29T02:08:43.532Z"}
{"level":"info","message":"Connecting to MongoDB Atlas with URI:","timestamp":"2025-11-29T02:08:43.535Z"}
{"level":"info","message":"Connected to MongoDB Atlas","timestamp":"2025-11-29T02:08:44.004Z"}
{"level":"info","message":"Connecting to MongoDB Atlas","timestamp":"2025-11-29T02:10:38.320Z"}
{"level":"info","message":"Connecting to MongoDB Atlas with URI:","timestamp":"2025-11-29T02:10:38.323Z"}
{"level":"info","message":"Connected to MongoDB Atlas","timestamp":"2025-11-29T02:10:38.855Z"}
{"level":"info","message":"Server is running on port 3001","timestamp":"2025-11-29T02:10:38.859Z"}
{"level":"info","message":"Inngest endpoint available at http://localhost:3001/api/inngest","timestamp":"2025-11-29T02:10:38.859Z"}
{"level":"info","message":"Connecting to MongoDB Atlas","timestamp":"2025-11-29T03:09:10.798Z"}
{"level":"info","message":"Connecting to MongoDB Atlas with URI:","timestamp":"2025-11-29T03:09:10.801Z"}
{"level":"info","message":"Connected to MongoDB Atlas","timestamp":"2025-11-29T03:09:11.361Z"}
{"level":"info","message":"Server is running on port 3001","timestamp":"2025-11-29T03:09:11.368Z"}
{"level":"info","message":"Inngest endpoint available at http://localhost:3001/api/inngest","timestamp":"2025-11-29T03:09:11.369Z"}
